<?xml version="1.0" encoding="utf-8" standalone="no"?>
<!--This file represents the results of running a test suite-->
<test-results name="C:\dev\cdroulers\exercism\csharp\bob\Bob.dll" total="2" errors="0" failures="1" not-run="15" inconclusive="0" ignored="15" skipped="0" invalid="0" date="2014-07-28" time="13:44:59">
  <environment nunit-version="2.6.3.13283" clr-version="2.0.50727.8000" os-version="Microsoft Windows NT 6.2.9200.0" platform="Win32NT" cwd="C:\dev\cdroulers\exercism\csharp\bob" machine-name="DROULERS-LPT2" user="Christian" user-domain="DROULERS-LPT2" />
  <culture-info current-culture="en-US" current-uiculture="en-US" />
  <test-suite type="Assembly" name="C:\dev\cdroulers\exercism\csharp\bob\Bob.dll" executed="True" result="Failure" success="False" time="0.083" asserts="0">
    <results>
      <test-suite type="TestFixture" name="BobTest" executed="True" result="Failure" success="False" time="0.066" asserts="0">
        <results>
          <test-case name="BobTest.Asking_a_numeric_question" executed="False" result="Ignored">
            <reason>
              <message><![CDATA[]]></message>
            </reason>
          </test-case>
          <test-case name="BobTest.Asking_a_question" executed="False" result="Ignored">
            <reason>
              <message><![CDATA[]]></message>
            </reason>
          </test-case>
          <test-case name="BobTest.Forceful_questions" executed="False" result="Ignored">
            <reason>
              <message><![CDATA[]]></message>
            </reason>
          </test-case>
          <test-case name="BobTest.Multiple_line_question" executed="False" result="Ignored">
            <reason>
              <message><![CDATA[]]></message>
            </reason>
          </test-case>
          <test-case name="BobTest.Only_numbers" executed="False" result="Ignored">
            <reason>
              <message><![CDATA[]]></message>
            </reason>
          </test-case>
          <test-case name="BobTest.Prattling_on" executed="False" result="Ignored">
            <reason>
              <message><![CDATA[]]></message>
            </reason>
          </test-case>
          <test-case name="BobTest.Prolonged_silence" executed="False" result="Ignored">
            <reason>
              <message><![CDATA[]]></message>
            </reason>
          </test-case>
          <test-case name="BobTest.Question_with_only_numbers" executed="False" result="Ignored">
            <reason>
              <message><![CDATA[]]></message>
            </reason>
          </test-case>
          <test-case name="BobTest.Shouting" executed="True" result="Failure" success="False" time="0.035" asserts="1">
            <failure>
              <message><![CDATA[  Expected string length 16 but was 9. Strings differ at index 1.
  Expected: "Woah, chill out!"
  But was:  "Whatever."
  ------------^
]]></message>
              <stack-trace><![CDATA[]]></stack-trace>
            </failure>
          </test-case>
          <test-case name="BobTest.Shouting_numbers" executed="False" result="Ignored">
            <reason>
              <message><![CDATA[]]></message>
            </reason>
          </test-case>
          <test-case name="BobTest.Shouting_with_no_exclamation_mark" executed="False" result="Ignored">
            <reason>
              <message><![CDATA[]]></message>
            </reason>
          </test-case>
          <test-case name="BobTest.Shouting_with_special_characters" executed="False" result="Ignored">
            <reason>
              <message><![CDATA[]]></message>
            </reason>
          </test-case>
          <test-case name="BobTest.Silence" executed="False" result="Ignored">
            <reason>
              <message><![CDATA[]]></message>
            </reason>
          </test-case>
          <test-case name="BobTest.Statement_containing_question_mark" executed="False" result="Ignored">
            <reason>
              <message><![CDATA[]]></message>
            </reason>
          </test-case>
          <test-case name="BobTest.Stating_something" executed="True" result="Success" success="True" time="0.001" asserts="1" />
          <test-case name="BobTest.Talking_forcefully" executed="False" result="Ignored">
            <reason>
              <message><![CDATA[]]></message>
            </reason>
          </test-case>
          <test-case name="BobTest.Using_acronyms_in_regular_search" executed="False" result="Ignored">
            <reason>
              <message><![CDATA[]]></message>
            </reason>
          </test-case>
        </results>
      </test-suite>
    </results>
  </test-suite>
</test-results>